<?xml version="1.0" encoding="UTF-8"?>
<!-- Generated by org.testng.reporters.JUnitReportReporter -->
<testsuite hostname="VSaiPC" failures="0" tests="4" name="api.test.UserTest" time="7.455" errors="0" timestamp="2024-11-24T09:22:27 IST" skipped="0">
  <testcase classname="api.test.UserTest" name="testpostUser" time="2.673"/>
  <testcase classname="api.test.UserTest" name="testUserByName" time="1.324"/>
  <testcase classname="api.test.UserTest" name="testUpdateUserByName" time="2.319"/>
  <testcase classname="api.test.UserTest" name="testDeleteUserByName" time="1.139"/>
</testsuite> <!-- api.test.UserTest -->
