<?xml version="1.0" encoding="UTF-8"?>
<!-- Generated by org.testng.reporters.JUnitReportReporter -->
<testsuite hostname="VSaiPC" failures="0" tests="4" name="api.test.UserTest2" time="8.646" errors="0" timestamp="2024-11-24T11:18:40 IST" skipped="0">
  <testcase classname="api.test.UserTest2" name="testpostUser" time="3.278"/>
  <testcase classname="api.test.UserTest2" name="testUserByName" time="1.390"/>
  <testcase classname="api.test.UserTest2" name="testUpdateUserByName" time="2.674"/>
  <testcase classname="api.test.UserTest2" name="testDeleteUserByName" time="1.304"/>
</testsuite> <!-- api.test.UserTest2 -->
